
DataParsed.java:192:initBaseLine: enter...
GraphFile.java:32:loadFile:  read edge 
GraphFile.java:35:loadFile:  read aspect 
GraphFile.java:38:loadFile:  read doc
-2036120.6009871205

DataParsed.java:192:initBaseLine: enter...
GraphFile.java:32:loadFile:  read edge 
GraphFile.java:35:loadFile:  read aspect 
GraphFile.java:38:loadFile:  read doc
-2042892.979105479

DataParsed.java:192:initBaseLine: enter...
GraphFile.java:32:loadFile:  read edge 
GraphFile.java:35:loadFile:  read aspect 
GraphFile.java:38:loadFile:  read doc
-2065573.2764546946

DataParsed.java:192:initBaseLine: enter...
GraphFile.java:32:loadFile:  read edge 
GraphFile.java:35:loadFile:  read aspect 
GraphFile.java:38:loadFile:  read doc
-4244401.04732677

DataParsed.java:192:initBaseLine: enter...
GraphFile.java:32:loadFile:  read edge 
GraphFile.java:35:loadFile:  read aspect 
GraphFile.java:38:loadFile:  read doc
-4257944.704095511

DataParsed.java:192:initBaseLine: enter...
GraphFile.java:32:loadFile:  read edge 
GraphFile.java:35:loadFile:  read aspect 
GraphFile.java:38:loadFile:  read doc
-4307542.352375373
